panel
yonetici
yoneticipaneli
yoneticipanel
siberpanel
siberkuvvetpanel
siberkuvvetpaneli
siberkuvvetarayuzu
siberkuvvetyonetim
siberkuvvetyonetici
yoneticiekrani
yoneticiekran
yoneticiarayuzu
yonetim
yonetimpaneli
yonetimpanel
panelyonetim
admin
adminpaneli
administrator
siberadministrator
siberkuvvetadministrator
adminekrani
adminarayuzu
giris
yoneticigiris
panelgiris
girispanel
girispaneli
sibergiris
siberkuvvetgirisi
admingiris
admingirisi
anasayfa
yoneticilogin
loginpanel
loginpaneli
siberlogin
loginsiber
adminlogin
loginadmin	
moderator
wp-login
loginarayuz
loginarayuzu
etkitepkiyetki
yetki
yetkiligiris
siberyetkili
siberkuvvetyetkili
yetkili
yetkiekranı
yetkiliekran
yetkiligirisi
yetkiligirisekrani
sysadmin
webadmin
eticaret
eticaretgiris
e-ticaret
e-ticaretgiris
e-ticaretgirisi

